janv. 05, 2025 4:38:39 PM com.academiahub.schoolmanagement.Controllers.Admin.ModuleController setupLogger
INFO: Logger initialisé.
janv. 05, 2025 4:38:39 PM com.academiahub.schoolmanagement.Controllers.Admin.ModuleController initialize
INFO: Initialisation du contrôleur de module.
janv. 05, 2025 4:38:39 PM com.academiahub.schoolmanagement.Controllers.Admin.ModuleController setupTableColumns
INFO: Configuration des colonnes de la table des modules.
janv. 05, 2025 4:38:39 PM com.academiahub.schoolmanagement.Controllers.Admin.ModuleController setupSearch
INFO: Configuration de la recherche.
janv. 05, 2025 4:38:39 PM com.academiahub.schoolmanagement.Controllers.Admin.ModuleController loadProfesseurs
INFO: Chargement des professeurs.
janv. 05, 2025 4:38:39 PM com.academiahub.schoolmanagement.Controllers.Admin.ModuleController loadProfesseurs
INFO: Professeurs chargés avec succès.
janv. 05, 2025 4:38:39 PM com.academiahub.schoolmanagement.Controllers.Admin.ModuleController setupTableSelection
INFO: Configuration de la sélection de la table.
janv. 05, 2025 4:38:39 PM com.academiahub.schoolmanagement.Controllers.Admin.ModuleController setupValidation
INFO: Configuration de la validation des champs.
janv. 05, 2025 4:38:39 PM com.academiahub.schoolmanagement.Controllers.Admin.ModuleController loadData
INFO: Chargement des données des modules.
janv. 05, 2025 4:38:40 PM com.academiahub.schoolmanagement.Controllers.Admin.ModuleController loadData
INFO: Données des modules chargées avec succès.
janv. 05, 2025 4:38:40 PM com.academiahub.schoolmanagement.Controllers.Admin.ModuleController initializeFormVisibility
INFO: Initialisation de la visibilité du formulaire.
janv. 05, 2025 4:38:40 PM com.academiahub.schoolmanagement.Controllers.Admin.ModuleController setupContextMenu
INFO: Configuration du menu contextuel.
janv. 05, 2025 4:38:40 PM com.academiahub.schoolmanagement.Controllers.Admin.ModuleController initialize
INFO: Initialisation du contrôleur de module.
janv. 05, 2025 4:38:40 PM com.academiahub.schoolmanagement.Controllers.Admin.ModuleController setupTableColumns
INFO: Configuration des colonnes de la table des modules.
janv. 05, 2025 4:38:40 PM com.academiahub.schoolmanagement.Controllers.Admin.ModuleController setupSearch
INFO: Configuration de la recherche.
janv. 05, 2025 4:38:40 PM com.academiahub.schoolmanagement.Controllers.Admin.ModuleController loadProfesseurs
INFO: Chargement des professeurs.
janv. 05, 2025 4:38:40 PM com.academiahub.schoolmanagement.Controllers.Admin.ModuleController loadProfesseurs
INFO: Professeurs chargés avec succès.
janv. 05, 2025 4:38:40 PM com.academiahub.schoolmanagement.Controllers.Admin.ModuleController setupTableSelection
INFO: Configuration de la sélection de la table.
janv. 05, 2025 4:38:40 PM com.academiahub.schoolmanagement.Controllers.Admin.ModuleController setupValidation
INFO: Configuration de la validation des champs.
janv. 05, 2025 4:38:40 PM com.academiahub.schoolmanagement.Controllers.Admin.ModuleController loadData
INFO: Chargement des données des modules.
janv. 05, 2025 4:38:40 PM com.academiahub.schoolmanagement.Controllers.Admin.ModuleController loadData
INFO: Données des modules chargées avec succès.
janv. 05, 2025 4:38:40 PM com.academiahub.schoolmanagement.Controllers.Admin.ModuleController initializeFormVisibility
INFO: Initialisation de la visibilité du formulaire.
janv. 05, 2025 4:38:40 PM com.academiahub.schoolmanagement.Controllers.Admin.ModuleController setupContextMenu
INFO: Configuration du menu contextuel.
janv. 05, 2025 4:38:41 PM com.academiahub.schoolmanagement.Controllers.Admin.ModuleController handleAjouterButton
INFO: Bouton 'Ajouter' cliqué.
janv. 05, 2025 4:38:41 PM com.academiahub.schoolmanagement.Controllers.Admin.ModuleController showForm
FINE: Formulaire affiché: true
janv. 05, 2025 4:38:41 PM com.academiahub.schoolmanagement.Controllers.Admin.ModuleController clearFields
INFO: Effacement des champs du formulaire.
janv. 05, 2025 4:38:43 PM com.academiahub.schoolmanagement.Controllers.Admin.ModuleController showError
WARNING: Validation échouée: Le nom du module doit contenir au moins 3 caractères.
janv. 05, 2025 4:38:43 PM com.academiahub.schoolmanagement.Controllers.Admin.ModuleController showError
WARNING: Validation échouée: Le nom du module doit contenir au moins 3 caractères.
janv. 05, 2025 4:38:43 PM com.academiahub.schoolmanagement.Controllers.Admin.ModuleController showError
WARNING: Validation échouée: Le nom du module doit contenir au moins 3 caractères.
janv. 05, 2025 4:38:43 PM com.academiahub.schoolmanagement.Controllers.Admin.ModuleController showError
WARNING: Validation échouée: Le nom du module doit contenir au moins 3 caractères.
janv. 05, 2025 4:38:44 PM com.academiahub.schoolmanagement.Controllers.Admin.ModuleController hideError
FINE: Validation réussie.
janv. 05, 2025 4:38:44 PM com.academiahub.schoolmanagement.Controllers.Admin.ModuleController hideError
FINE: Validation réussie.
janv. 05, 2025 4:38:45 PM com.academiahub.schoolmanagement.Controllers.Admin.ModuleController showError
WARNING: Validation échouée: Le code du module doit suivre le format: 2-4 lettres majuscules suivies de 3-4 chiffres.
janv. 05, 2025 4:38:45 PM com.academiahub.schoolmanagement.Controllers.Admin.ModuleController showError
WARNING: Validation échouée: Le code du module doit suivre le format: 2-4 lettres majuscules suivies de 3-4 chiffres.
janv. 05, 2025 4:38:45 PM com.academiahub.schoolmanagement.Controllers.Admin.ModuleController showError
WARNING: Validation échouée: Le code du module doit suivre le format: 2-4 lettres majuscules suivies de 3-4 chiffres.
janv. 05, 2025 4:38:45 PM com.academiahub.schoolmanagement.Controllers.Admin.ModuleController showError
WARNING: Validation échouée: Le code du module doit suivre le format: 2-4 lettres majuscules suivies de 3-4 chiffres.
janv. 05, 2025 4:38:46 PM com.academiahub.schoolmanagement.Controllers.Admin.ModuleController showError
WARNING: Validation échouée: Le code du module doit suivre le format: 2-4 lettres majuscules suivies de 3-4 chiffres.
janv. 05, 2025 4:38:46 PM com.academiahub.schoolmanagement.Controllers.Admin.ModuleController showError
WARNING: Validation échouée: Le code du module doit suivre le format: 2-4 lettres majuscules suivies de 3-4 chiffres.
janv. 05, 2025 4:38:46 PM com.academiahub.schoolmanagement.Controllers.Admin.ModuleController showError
WARNING: Validation échouée: Le code du module doit suivre le format: 2-4 lettres majuscules suivies de 3-4 chiffres.
janv. 05, 2025 4:38:46 PM com.academiahub.schoolmanagement.Controllers.Admin.ModuleController showError
WARNING: Validation échouée: Le code du module doit suivre le format: 2-4 lettres majuscules suivies de 3-4 chiffres.
janv. 05, 2025 4:38:46 PM com.academiahub.schoolmanagement.Controllers.Admin.ModuleController hideError
FINE: Validation réussie.
janv. 05, 2025 4:38:46 PM com.academiahub.schoolmanagement.Controllers.Admin.ModuleController hideError
FINE: Validation réussie.
janv. 05, 2025 4:38:49 PM com.academiahub.schoolmanagement.Controllers.Admin.ModuleController handleValiderButton
INFO: Bouton 'Valider' cliqué en mode: AJOUT
janv. 05, 2025 4:38:49 PM com.academiahub.schoolmanagement.Controllers.Admin.ModuleController ajouterModule
INFO: Ajout d'un nouveau module.
janv. 05, 2025 4:38:49 PM com.academiahub.schoolmanagement.Controllers.Admin.ModuleController ajouterModule
INFO: Module ajouté avec succès: RH588
janv. 05, 2025 4:38:51 PM com.academiahub.schoolmanagement.Controllers.Admin.ModuleController clearFields
INFO: Effacement des champs du formulaire.
janv. 05, 2025 4:38:51 PM com.academiahub.schoolmanagement.Controllers.Admin.ModuleController showError
WARNING: Validation échouée: Le nom du module doit contenir au moins 3 caractères.
janv. 05, 2025 4:38:51 PM com.academiahub.schoolmanagement.Controllers.Admin.ModuleController showError
WARNING: Validation échouée: Le nom du module doit contenir au moins 3 caractères.
janv. 05, 2025 4:38:51 PM com.academiahub.schoolmanagement.Controllers.Admin.ModuleController showError
WARNING: Validation échouée: Le code du module doit suivre le format: 2-4 lettres majuscules suivies de 3-4 chiffres.
janv. 05, 2025 4:38:51 PM com.academiahub.schoolmanagement.Controllers.Admin.ModuleController showError
WARNING: Validation échouée: Le code du module doit suivre le format: 2-4 lettres majuscules suivies de 3-4 chiffres.
janv. 05, 2025 4:38:51 PM com.academiahub.schoolmanagement.Controllers.Admin.ModuleController showForm
FINE: Formulaire affiché: false
janv. 05, 2025 4:51:17 PM com.academiahub.schoolmanagement.Controllers.Admin.ModuleController setupLogger
INFO: Logger initialisé.
janv. 05, 2025 4:51:17 PM com.academiahub.schoolmanagement.Controllers.Admin.ModuleController initialize
INFO: Initialisation du contrôleur de module.
janv. 05, 2025 4:51:17 PM com.academiahub.schoolmanagement.Controllers.Admin.ModuleController setupTableColumns
INFO: Configuration des colonnes de la table des modules.
janv. 05, 2025 4:51:17 PM com.academiahub.schoolmanagement.Controllers.Admin.ModuleController setupSearch
INFO: Configuration de la recherche.
janv. 05, 2025 4:51:17 PM com.academiahub.schoolmanagement.Controllers.Admin.ModuleController loadProfesseurs
INFO: Chargement des professeurs.
janv. 05, 2025 4:51:17 PM com.academiahub.schoolmanagement.Controllers.Admin.ModuleController loadProfesseurs
INFO: Professeurs chargés avec succès.
janv. 05, 2025 4:51:17 PM com.academiahub.schoolmanagement.Controllers.Admin.ModuleController setupTableSelection
INFO: Configuration de la sélection de la table.
janv. 05, 2025 4:51:17 PM com.academiahub.schoolmanagement.Controllers.Admin.ModuleController setupValidation
INFO: Configuration de la validation des champs.
janv. 05, 2025 4:51:17 PM com.academiahub.schoolmanagement.Controllers.Admin.ModuleController loadData
INFO: Chargement des données des modules.
janv. 05, 2025 4:51:17 PM com.academiahub.schoolmanagement.Controllers.Admin.ModuleController loadData
INFO: Données des modules chargées avec succès.
janv. 05, 2025 4:51:17 PM com.academiahub.schoolmanagement.Controllers.Admin.ModuleController initializeFormVisibility
INFO: Initialisation de la visibilité du formulaire.
janv. 05, 2025 4:51:17 PM com.academiahub.schoolmanagement.Controllers.Admin.ModuleController setupContextMenu
INFO: Configuration du menu contextuel.
janv. 05, 2025 4:51:17 PM com.academiahub.schoolmanagement.Controllers.Admin.ModuleController initialize
INFO: Initialisation du contrôleur de module.
janv. 05, 2025 4:51:17 PM com.academiahub.schoolmanagement.Controllers.Admin.ModuleController setupTableColumns
INFO: Configuration des colonnes de la table des modules.
janv. 05, 2025 4:51:17 PM com.academiahub.schoolmanagement.Controllers.Admin.ModuleController setupSearch
INFO: Configuration de la recherche.
janv. 05, 2025 4:51:17 PM com.academiahub.schoolmanagement.Controllers.Admin.ModuleController loadProfesseurs
INFO: Chargement des professeurs.
janv. 05, 2025 4:51:17 PM com.academiahub.schoolmanagement.Controllers.Admin.ModuleController loadProfesseurs
INFO: Professeurs chargés avec succès.
janv. 05, 2025 4:51:17 PM com.academiahub.schoolmanagement.Controllers.Admin.ModuleController setupTableSelection
INFO: Configuration de la sélection de la table.
janv. 05, 2025 4:51:17 PM com.academiahub.schoolmanagement.Controllers.Admin.ModuleController setupValidation
INFO: Configuration de la validation des champs.
janv. 05, 2025 4:51:17 PM com.academiahub.schoolmanagement.Controllers.Admin.ModuleController loadData
INFO: Chargement des données des modules.
janv. 05, 2025 4:51:18 PM com.academiahub.schoolmanagement.Controllers.Admin.ModuleController loadData
INFO: Données des modules chargées avec succès.
janv. 05, 2025 4:51:18 PM com.academiahub.schoolmanagement.Controllers.Admin.ModuleController initializeFormVisibility
INFO: Initialisation de la visibilité du formulaire.
janv. 05, 2025 4:51:18 PM com.academiahub.schoolmanagement.Controllers.Admin.ModuleController setupContextMenu
INFO: Configuration du menu contextuel.
janv. 05, 2025 4:51:25 PM com.academiahub.schoolmanagement.Controllers.Admin.ModuleController lambda$setupTableSelection$8
INFO: Module sélectionné: RI
janv. 05, 2025 4:51:25 PM com.academiahub.schoolmanagement.Controllers.Admin.ModuleController hideError
INFO: Validation réussie.
janv. 05, 2025 4:51:25 PM com.academiahub.schoolmanagement.Controllers.Admin.ModuleController hideError
INFO: Validation réussie.
janv. 05, 2025 4:51:25 PM com.academiahub.schoolmanagement.Controllers.Admin.ModuleController showError
WARNING: Validation échouée: Le code du module doit suivre le format: 2-4 lettres majuscules suivies de 3-4 chiffres.
janv. 05, 2025 4:51:25 PM com.academiahub.schoolmanagement.Controllers.Admin.ModuleController showError
WARNING: Validation échouée: Le code du module doit suivre le format: 2-4 lettres majuscules suivies de 3-4 chiffres.
janv. 05, 2025 4:51:25 PM com.academiahub.schoolmanagement.Controllers.Admin.ModuleController lambda$setupTableSelection$8
INFO: Module sélectionné: RI
janv. 05, 2025 4:51:25 PM com.academiahub.schoolmanagement.Controllers.Admin.ModuleController handleModifierButton
INFO: Bouton 'Modifier' cliqué pour le module: RI
janv. 05, 2025 4:51:25 PM com.academiahub.schoolmanagement.Controllers.Admin.ModuleController populateFields
INFO: Remplissage des champs du formulaire avec les données du module: RI
janv. 05, 2025 4:51:31 PM com.academiahub.schoolmanagement.Controllers.Admin.ModuleController handleAnnulerButton
INFO: Bouton 'Annuler' cliqué.
janv. 05, 2025 4:51:31 PM com.academiahub.schoolmanagement.Controllers.Admin.ModuleController clearFields
INFO: Effacement des champs du formulaire.
janv. 05, 2025 4:51:31 PM com.academiahub.schoolmanagement.Controllers.Admin.ModuleController showError
WARNING: Validation échouée: Le nom du module doit contenir au moins 3 caractères.
janv. 05, 2025 4:51:31 PM com.academiahub.schoolmanagement.Controllers.Admin.ModuleController showError
WARNING: Validation échouée: Le nom du module doit contenir au moins 3 caractères.
janv. 05, 2025 4:51:31 PM com.academiahub.schoolmanagement.Controllers.Admin.ModuleController showError
WARNING: Validation échouée: Le code du module doit suivre le format: 2-4 lettres majuscules suivies de 3-4 chiffres.
janv. 05, 2025 4:51:31 PM com.academiahub.schoolmanagement.Controllers.Admin.ModuleController showError
WARNING: Validation échouée: Le code du module doit suivre le format: 2-4 lettres majuscules suivies de 3-4 chiffres.
janv. 05, 2025 4:51:31 PM com.academiahub.schoolmanagement.Controllers.Admin.ModuleController hideError
INFO: Validation réussie.
janv. 05, 2025 4:51:32 PM com.academiahub.schoolmanagement.Controllers.Admin.ModuleController handleAjouterButton
INFO: Bouton 'Ajouter' cliqué.
janv. 05, 2025 4:51:32 PM com.academiahub.schoolmanagement.Controllers.Admin.ModuleController clearFields
INFO: Effacement des champs du formulaire.
janv. 05, 2025 4:51:32 PM com.academiahub.schoolmanagement.Controllers.Admin.ModuleController hideError
INFO: Validation réussie.
janv. 05, 2025 4:51:36 PM com.academiahub.schoolmanagement.Controllers.Admin.ModuleController showError
WARNING: Validation échouée: Le nom du module doit contenir au moins 3 caractères.
janv. 05, 2025 4:51:36 PM com.academiahub.schoolmanagement.Controllers.Admin.ModuleController showError
WARNING: Validation échouée: Le nom du module doit contenir au moins 3 caractères.
janv. 05, 2025 4:51:36 PM com.academiahub.schoolmanagement.Controllers.Admin.ModuleController showError
WARNING: Validation échouée: Le nom du module doit contenir au moins 3 caractères.
janv. 05, 2025 4:51:36 PM com.academiahub.schoolmanagement.Controllers.Admin.ModuleController showError
WARNING: Validation échouée: Le nom du module doit contenir au moins 3 caractères.
janv. 05, 2025 4:51:36 PM com.academiahub.schoolmanagement.Controllers.Admin.ModuleController hideError
INFO: Validation réussie.
janv. 05, 2025 4:51:36 PM com.academiahub.schoolmanagement.Controllers.Admin.ModuleController hideError
INFO: Validation réussie.
janv. 05, 2025 4:51:37 PM com.academiahub.schoolmanagement.Controllers.Admin.ModuleController showError
WARNING: Validation échouée: Le nom du module doit contenir au moins 3 caractères.
janv. 05, 2025 4:51:37 PM com.academiahub.schoolmanagement.Controllers.Admin.ModuleController showError
WARNING: Validation échouée: Le nom du module doit contenir au moins 3 caractères.
janv. 05, 2025 4:51:37 PM com.academiahub.schoolmanagement.Controllers.Admin.ModuleController showError
WARNING: Validation échouée: Le nom du module doit contenir au moins 3 caractères.
janv. 05, 2025 4:51:37 PM com.academiahub.schoolmanagement.Controllers.Admin.ModuleController showError
WARNING: Validation échouée: Le nom du module doit contenir au moins 3 caractères.
janv. 05, 2025 4:51:38 PM com.academiahub.schoolmanagement.Controllers.Admin.ModuleController showError
WARNING: Validation échouée: Le nom du module doit contenir au moins 3 caractères.
janv. 05, 2025 4:51:38 PM com.academiahub.schoolmanagement.Controllers.Admin.ModuleController showError
WARNING: Validation échouée: Le nom du module doit contenir au moins 3 caractères.
janv. 05, 2025 4:51:38 PM com.academiahub.schoolmanagement.Controllers.Admin.ModuleController showError
WARNING: Validation échouée: Le nom du module doit contenir au moins 3 caractères.
janv. 05, 2025 4:51:38 PM com.academiahub.schoolmanagement.Controllers.Admin.ModuleController showError
WARNING: Validation échouée: Le nom du module doit contenir au moins 3 caractères.
janv. 05, 2025 4:51:38 PM com.academiahub.schoolmanagement.Controllers.Admin.ModuleController showError
WARNING: Validation échouée: Le nom du module doit contenir au moins 3 caractères.
janv. 05, 2025 4:51:38 PM com.academiahub.schoolmanagement.Controllers.Admin.ModuleController showError
WARNING: Validation échouée: Le nom du module doit contenir au moins 3 caractères.
janv. 05, 2025 4:51:39 PM com.academiahub.schoolmanagement.Controllers.Admin.ModuleController hideError
INFO: Validation réussie.
janv. 05, 2025 4:51:39 PM com.academiahub.schoolmanagement.Controllers.Admin.ModuleController hideError
INFO: Validation réussie.
janv. 05, 2025 4:51:40 PM com.academiahub.schoolmanagement.Controllers.Admin.ModuleController showError
WARNING: Validation échouée: Le code du module doit suivre le format: 2-4 lettres majuscules suivies de 3-4 chiffres.
janv. 05, 2025 4:51:40 PM com.academiahub.schoolmanagement.Controllers.Admin.ModuleController showError
WARNING: Validation échouée: Le code du module doit suivre le format: 2-4 lettres majuscules suivies de 3-4 chiffres.
janv. 05, 2025 4:51:40 PM com.academiahub.schoolmanagement.Controllers.Admin.ModuleController showError
WARNING: Validation échouée: Le code du module doit suivre le format: 2-4 lettres majuscules suivies de 3-4 chiffres.
janv. 05, 2025 4:51:40 PM com.academiahub.schoolmanagement.Controllers.Admin.ModuleController showError
WARNING: Validation échouée: Le code du module doit suivre le format: 2-4 lettres majuscules suivies de 3-4 chiffres.
janv. 05, 2025 4:51:41 PM com.academiahub.schoolmanagement.Controllers.Admin.ModuleController showError
WARNING: Validation échouée: Le code du module doit suivre le format: 2-4 lettres majuscules suivies de 3-4 chiffres.
janv. 05, 2025 4:51:41 PM com.academiahub.schoolmanagement.Controllers.Admin.ModuleController showError
WARNING: Validation échouée: Le code du module doit suivre le format: 2-4 lettres majuscules suivies de 3-4 chiffres.
janv. 05, 2025 4:51:41 PM com.academiahub.schoolmanagement.Controllers.Admin.ModuleController showError
WARNING: Validation échouée: Le code du module doit suivre le format: 2-4 lettres majuscules suivies de 3-4 chiffres.
janv. 05, 2025 4:51:41 PM com.academiahub.schoolmanagement.Controllers.Admin.ModuleController showError
WARNING: Validation échouée: Le code du module doit suivre le format: 2-4 lettres majuscules suivies de 3-4 chiffres.
janv. 05, 2025 4:51:41 PM com.academiahub.schoolmanagement.Controllers.Admin.ModuleController hideError
INFO: Validation réussie.
janv. 05, 2025 4:51:41 PM com.academiahub.schoolmanagement.Controllers.Admin.ModuleController hideError
INFO: Validation réussie.
janv. 05, 2025 4:51:43 PM com.academiahub.schoolmanagement.Controllers.Admin.ModuleController handleValiderButton
INFO: Bouton 'Valider' cliqué en mode: AJOUT
janv. 05, 2025 4:51:43 PM com.academiahub.schoolmanagement.Controllers.Admin.ModuleController ajouterModule
INFO: Ajout d'un nouveau module.
janv. 05, 2025 4:51:43 PM com.academiahub.schoolmanagement.Controllers.Admin.ModuleController ajouterModule
INFO: Module ajouté avec succès: AL558
janv. 05, 2025 4:51:44 PM com.academiahub.schoolmanagement.Controllers.Admin.ModuleController clearFields
INFO: Effacement des champs du formulaire.
janv. 05, 2025 4:51:44 PM com.academiahub.schoolmanagement.Controllers.Admin.ModuleController showError
WARNING: Validation échouée: Le nom du module doit contenir au moins 3 caractères.
janv. 05, 2025 4:51:44 PM com.academiahub.schoolmanagement.Controllers.Admin.ModuleController showError
WARNING: Validation échouée: Le nom du module doit contenir au moins 3 caractères.
janv. 05, 2025 4:51:44 PM com.academiahub.schoolmanagement.Controllers.Admin.ModuleController showError
WARNING: Validation échouée: Le code du module doit suivre le format: 2-4 lettres majuscules suivies de 3-4 chiffres.
janv. 05, 2025 4:51:44 PM com.academiahub.schoolmanagement.Controllers.Admin.ModuleController showError
WARNING: Validation échouée: Le code du module doit suivre le format: 2-4 lettres majuscules suivies de 3-4 chiffres.
janv. 05, 2025 4:51:44 PM com.academiahub.schoolmanagement.Controllers.Admin.ModuleController hideError
INFO: Validation réussie.
janv. 05, 2025 4:53:14 PM com.academiahub.schoolmanagement.Controllers.Admin.ModuleController handleModifierButton
INFO: Bouton 'Modifier' cliqué pour le module: SED4464
janv. 05, 2025 4:53:14 PM com.academiahub.schoolmanagement.Controllers.Admin.ModuleController populateFields
INFO: Remplissage des champs du formulaire avec les données du module: SED4464
janv. 05, 2025 4:53:14 PM com.academiahub.schoolmanagement.Controllers.Admin.ModuleController hideError
INFO: Validation réussie.
janv. 05, 2025 4:53:14 PM com.academiahub.schoolmanagement.Controllers.Admin.ModuleController hideError
INFO: Validation réussie.
janv. 05, 2025 4:53:14 PM com.academiahub.schoolmanagement.Controllers.Admin.ModuleController hideError
INFO: Validation réussie.
janv. 05, 2025 4:53:14 PM com.academiahub.schoolmanagement.Controllers.Admin.ModuleController hideError
INFO: Validation réussie.
